2024-07-04 18:40:44 [scrapy.utils.log] INFO: Scrapy 2.11.2 started (bot: ticket_scraper)
2024-07-04 18:40:44 [scrapy.utils.log] INFO: Versions: lxml 5.2.2.0, libxml2 2.11.7, cssselect 1.2.0, parsel 1.9.1, w3lib 2.2.1, Twisted 24.3.0, Python 3.10.7 (tags/v3.10.7:6cc6b13, Sep  5 2022, 14:08:36) [MSC v.1933 64 bit (AMD64)], pyOpenSSL 24.1.0 (OpenSSL 3.2.2 4 Jun 2024), cryptography 42.0.8, Platform Windows-10-10.0.19045-SP0
2024-07-04 18:40:44 [urllib3.connectionpool] DEBUG: Starting new HTTP connection (1): localhost:5000
2024-07-04 18:40:44 [urllib3.connectionpool] DEBUG: http://localhost:5000 "POST /test HTTP/1.1" 200 21
2024-07-04 18:40:44 [scrapy.addons] INFO: Enabled addons:
[]
2024-07-04 18:40:44 [py.warnings] WARNING: D:\Python\lib\site-packages\scrapy\utils\request.py:254: ScrapyDeprecationWarning: '2.6' is a deprecated value for the 'REQUEST_FINGERPRINTER_IMPLEMENTATION' setting.

It is also the default value. In other words, it is normal to get this warning if you have not defined a value for the 'REQUEST_FINGERPRINTER_IMPLEMENTATION' setting. This is so for backward compatibility reasons, but it will change in a future version of Scrapy.

See the documentation of the 'REQUEST_FINGERPRINTER_IMPLEMENTATION' setting for information on how to handle this deprecation.
  return cls(crawler)

2024-07-04 18:40:44 [scrapy.utils.log] DEBUG: Using reactor: twisted.internet.selectreactor.SelectReactor
2024-07-04 18:40:44 [scrapy.extensions.telnet] INFO: Telnet Password: 6decb3d09500bee3
2024-07-04 18:40:44 [scrapy.middleware] INFO: Enabled extensions:
['scrapy.extensions.corestats.CoreStats',
 'scrapy.extensions.telnet.TelnetConsole',
 'scrapy.extensions.logstats.LogStats']
2024-07-04 18:40:44 [scrapy.crawler] INFO: Overridden settings:
{'BOT_NAME': 'ticket_scraper',
 'LOG_FILE': 'logs\\ticket_scraper\\tickets\\dabe206039f111efa1def4b301a54b6d.log',
 'NEWSPIDER_MODULE': 'ticket_scraper.spiders',
 'ROBOTSTXT_OBEY': True,
 'SPIDER_MODULES': ['ticket_scraper.spiders']}
2024-07-04 18:40:45 [scrapy.middleware] INFO: Enabled downloader middlewares:
['scrapy.downloadermiddlewares.offsite.OffsiteMiddleware',
 'scrapy.downloadermiddlewares.robotstxt.RobotsTxtMiddleware',
 'scrapy.downloadermiddlewares.httpauth.HttpAuthMiddleware',
 'scrapy.downloadermiddlewares.downloadtimeout.DownloadTimeoutMiddleware',
 'scrapy.downloadermiddlewares.defaultheaders.DefaultHeadersMiddleware',
 'scrapy.downloadermiddlewares.useragent.UserAgentMiddleware',
 'scrapy.downloadermiddlewares.retry.RetryMiddleware',
 'scrapy.downloadermiddlewares.redirect.MetaRefreshMiddleware',
 'scrapy.downloadermiddlewares.httpcompression.HttpCompressionMiddleware',
 'scrapy.downloadermiddlewares.redirect.RedirectMiddleware',
 'scrapy.downloadermiddlewares.cookies.CookiesMiddleware',
 'scrapy.downloadermiddlewares.httpproxy.HttpProxyMiddleware',
 'scrapy.downloadermiddlewares.stats.DownloaderStats']
2024-07-04 18:40:45 [scrapy.middleware] INFO: Enabled spider middlewares:
['scrapy.spidermiddlewares.httperror.HttpErrorMiddleware',
 'scrapy.spidermiddlewares.referer.RefererMiddleware',
 'scrapy.spidermiddlewares.urllength.UrlLengthMiddleware',
 'scrapy.spidermiddlewares.depth.DepthMiddleware']
2024-07-04 18:40:45 [scrapy.middleware] INFO: Enabled item pipelines:
['ticket_scraper.pipelines.TicketPipeline',
 'ticket_scraper.pipelines.MysqlTicketPipeline']
2024-07-04 18:40:45 [scrapy.core.engine] INFO: Spider opened
2024-07-04 18:40:45 [scrapy.extensions.logstats] INFO: Crawled 0 pages (at 0 pages/min), scraped 0 items (at 0 items/min)
2024-07-04 18:40:45 [scrapy.extensions.telnet] INFO: Telnet console listening on 127.0.0.1:6023
2024-07-04 18:40:45 [scrapy.downloadermiddlewares.redirect] DEBUG: Redirecting (302) to <GET https://www.damai.cn/404/> from <GET https://search.damai.cn/robots.txt>
2024-07-04 18:40:45 [scrapy.core.engine] DEBUG: Crawled (200) <GET https://www.damai.cn/404/> (referer: None)
2024-07-04 18:40:45 [protego] DEBUG: Rule at line 15 without any user agent to enforce it on.
2024-07-04 18:40:45 [protego] DEBUG: Rule at line 16 without any user agent to enforce it on.
2024-07-04 18:40:45 [protego] DEBUG: Rule at line 17 without any user agent to enforce it on.
2024-07-04 18:40:45 [protego] DEBUG: Rule at line 18 without any user agent to enforce it on.
2024-07-04 18:40:45 [protego] DEBUG: Rule at line 19 without any user agent to enforce it on.
2024-07-04 18:40:45 [protego] DEBUG: Rule at line 20 without any user agent to enforce it on.
2024-07-04 18:40:45 [protego] DEBUG: Rule at line 21 without any user agent to enforce it on.
2024-07-04 18:40:45 [protego] DEBUG: Rule at line 68 without any user agent to enforce it on.
2024-07-04 18:40:45 [protego] DEBUG: Rule at line 69 without any user agent to enforce it on.
2024-07-04 18:40:45 [protego] DEBUG: Rule at line 70 without any user agent to enforce it on.
2024-07-04 18:40:45 [protego] DEBUG: Rule at line 79 without any user agent to enforce it on.
2024-07-04 18:40:45 [protego] DEBUG: Rule at line 80 without any user agent to enforce it on.
2024-07-04 18:40:45 [protego] DEBUG: Rule at line 82 without any user agent to enforce it on.
2024-07-04 18:40:45 [protego] DEBUG: Rule at line 83 without any user agent to enforce it on.
2024-07-04 18:40:45 [protego] DEBUG: Rule at line 85 without any user agent to enforce it on.
2024-07-04 18:40:45 [protego] DEBUG: Rule at line 86 without any user agent to enforce it on.
2024-07-04 18:40:45 [protego] DEBUG: Rule at line 88 without any user agent to enforce it on.
2024-07-04 18:40:45 [protego] DEBUG: Rule at line 89 without any user agent to enforce it on.
2024-07-04 18:40:45 [scrapy.core.engine] DEBUG: Crawled (200) <GET https://search.damai.cn/searchajax.html?keyword=%E9%82%93%E7%B4%AB%E6%A3%8B&cty=&ctl=&currPage=1&singleChar=&tn=&tsg=0&sctl=&order=1> (referer: https://search.damai.cn/search.htm?spm=a2oeg.home.category.ditem_0.591b23e1bWz0BM&ctl=%E6%BC%94%E5%94%B1%E4%BC%9A&order=1&cty=%E5%8C%97%E4%BA%AC)
2024-07-04 18:40:45 [scrapy.core.scraper] DEBUG: Scraped from <200 https://search.damai.cn/searchajax.html?keyword=%E9%82%93%E7%B4%AB%E6%A3%8B&cty=&ctl=&currPage=1&singleChar=&tn=&tsg=0&sctl=&order=1>
{'name': 'G.E.M. <span class="c4">邓紫棋</span> I AM GLORIA 世界巡回演唱会 - 澳门站', 'date': '2024.08.02-08.11', 'actors': '艺人：<span class="c4">邓紫棋</span>', 'location': '中国澳门', 'location_details': '银河综艺馆', 'price': '580-1680', 'lowPrice': 580.0, 'highPrice': 1680.0, 'categoryName': '演唱会'}
2024-07-04 18:40:45 [scrapy.core.scraper] DEBUG: Scraped from <200 https://search.damai.cn/searchajax.html?keyword=%E9%82%93%E7%B4%AB%E6%A3%8B&cty=&ctl=&currPage=1&singleChar=&tn=&tsg=0&sctl=&order=1>
{'name': '<span class="c4">邓紫棋</span> I AM GLORIA 世界巡回演唱会-台州站', 'date': '2024.07.20-07.21', 'actors': '艺人：<span class="c4">邓紫棋</span>', 'location': '台州', 'location_details': '台州市体育中心体育场', 'price': '380-1580', 'lowPrice': 380.0, 'highPrice': 1580.0, 'categoryName': '演唱会'}
2024-07-04 18:40:45 [scrapy.core.scraper] DEBUG: Scraped from <200 https://search.damai.cn/searchajax.html?keyword=%E9%82%93%E7%B4%AB%E6%A3%8B&cty=&ctl=&currPage=1&singleChar=&tn=&tsg=0&sctl=&order=1>
{'name': '<span class="c4">邓紫棋</span> I AM GLORIA 世界巡回演唱会 福州站', 'date': '2024.07.06-07.07', 'actors': '艺人：<span class="c4">邓紫棋</span>', 'location': '福州', 'location_details': '福州海峡奥林匹克体育中心体育场', 'price': '380-1580', 'lowPrice': 380.0, 'highPrice': 1580.0, 'categoryName': '演唱会'}
2024-07-04 18:40:45 [scrapy.core.scraper] DEBUG: Scraped from <200 https://search.damai.cn/searchajax.html?keyword=%E9%82%93%E7%B4%AB%E6%A3%8B&cty=&ctl=&currPage=1&singleChar=&tn=&tsg=0&sctl=&order=1>
{'name': '<span class="c4">邓紫棋</span> I AM GLORIA 世界巡回演唱会-哈尔滨站', 'date': '2024.07.13 周六 19:30', 'actors': '艺人：<span class="c4">邓紫棋</span>', 'location': '哈尔滨', 'location_details': '哈尔滨国际会展中心体育场', 'price': '399-1399', 'lowPrice': 399.0, 'highPrice': 1399.0, 'categoryName': '演唱会'}
2024-07-04 18:40:45 [scrapy.core.scraper] DEBUG: Scraped from <200 https://search.damai.cn/searchajax.html?keyword=%E9%82%93%E7%B4%AB%E6%A3%8B&cty=&ctl=&currPage=1&singleChar=&tn=&tsg=0&sctl=&order=1>
{'name': '<span class="c4">邓紫棋</span> I AM GLORIA 世界巡回演唱会--呼和浩特站', 'date': '2024.07.27 周六 20:00', 'actors': '艺人：<span class="c4">邓紫棋</span>', 'location': '呼和浩特', 'location_details': '呼和浩特体育场', 'price': '399-1399', 'lowPrice': 399.0, 'highPrice': 1399.0, 'categoryName': '演唱会'}
2024-07-04 18:40:45 [scrapy.core.engine] INFO: Closing spider (finished)
2024-07-04 18:40:45 [scrapy.statscollectors] INFO: Dumping Scrapy stats:
{'downloader/request_bytes': 1002,
 'downloader/request_count': 3,
 'downloader/request_method_count/GET': 3,
 'downloader/response_bytes': 4719,
 'downloader/response_count': 3,
 'downloader/response_status_count/200': 2,
 'downloader/response_status_count/302': 1,
 'elapsed_time_seconds': 0.453023,
 'finish_reason': 'finished',
 'finish_time': datetime.datetime(2024, 7, 4, 10, 40, 45, 672975, tzinfo=datetime.timezone.utc),
 'httpcompression/response_bytes': 9687,
 'httpcompression/response_count': 2,
 'item_scraped_count': 5,
 'log_count/DEBUG': 27,
 'log_count/INFO': 10,
 'log_count/WARNING': 1,
 'response_received_count': 2,
 'robotstxt/request_count': 1,
 'robotstxt/response_count': 1,
 'robotstxt/response_status_count/200': 1,
 'scheduler/dequeued': 1,
 'scheduler/dequeued/memory': 1,
 'scheduler/enqueued': 1,
 'scheduler/enqueued/memory': 1,
 'start_time': datetime.datetime(2024, 7, 4, 10, 40, 45, 219952, tzinfo=datetime.timezone.utc)}
2024-07-04 18:40:45 [scrapy.core.engine] INFO: Spider closed (finished)
